<?xml version="1.0" encoding="UTF-8"?>
<!-- Generated by org.testng.reporters.JUnitXMLReporter -->
<testsuite ignored="0" hostname="DESKTOP-UQEA1D7" failures="3" tests="3" name="Test1" time="0.084" errors="0" timestamp="2021-06-19T14:55:22 EEST">
  <testcase classname="David.Flux.LoginAdminNegativeTest" name="negativeLoginAsAnAdmin" time="0.014">
    <failure type="java.lang.NullPointerException" message="Cannot invoke &amp;quot;org.openqa.selenium.WebDriver.findElement(org.openqa.selenium.By)&amp;quot; because &amp;quot;this.driver&amp;quot; is null">
      <![CDATA[java.lang.NullPointerException: Cannot invoke "org.openqa.selenium.WebDriver.findElement(org.openqa.selenium.By)" because "this.driver" is null
at David.flux.LoginPage.setEmailAdrress(LoginPage.java:19)
at David.flux.LoginPage.loginToFluxDay(LoginPage.java:34)
at David.Flux.LoginAdminNegativeTest.negativeLoginAsAnAdmin(LoginAdminNegativeTest.java:31)
at java.base/java.util.ArrayList.forEach(ArrayList.java:1511)
... Removed 27 stack frames]]>
    </failure>
  </testcase> <!-- negativeLoginAsAnAdmin -->
  <testcase classname="David.Flux.LoginAdminTest" name="LoginAsAnAdmin" time="0.001">
    <failure type="java.lang.NullPointerException" message="Cannot invoke &amp;quot;org.openqa.selenium.WebDriver.findElement(org.openqa.selenium.By)&amp;quot; because &amp;quot;this.driver&amp;quot; is null">
      <![CDATA[java.lang.NullPointerException: Cannot invoke "org.openqa.selenium.WebDriver.findElement(org.openqa.selenium.By)" because "this.driver" is null
at David.flux.LoginPage.setEmailAdrress(LoginPage.java:19)
at David.flux.LoginPage.loginToFluxDay(LoginPage.java:34)
at David.Flux.LoginAdminTest.LoginAsAnAdmin(LoginAdminTest.java:30)
at java.base/java.util.ArrayList.forEach(ArrayList.java:1511)
... Removed 27 stack frames]]>
    </failure>
  </testcase> <!-- LoginAsAnAdmin -->
  <testcase classname="David.Flux.LoginTeamLeadTest" name="loginAsTeamLead" time="0.001">
    <failure type="java.lang.NullPointerException" message="Cannot invoke &amp;quot;org.openqa.selenium.WebDriver.findElement(org.openqa.selenium.By)&amp;quot; because &amp;quot;this.driver&amp;quot; is null">
      <![CDATA[java.lang.NullPointerException: Cannot invoke "org.openqa.selenium.WebDriver.findElement(org.openqa.selenium.By)" because "this.driver" is null
at David.flux.LoginPage.setEmailAdrress(LoginPage.java:19)
at David.flux.LoginPage.loginToFluxDay(LoginPage.java:34)
at David.Flux.LoginTeamLeadTest.loginAsTeamLead(LoginTeamLeadTest.java:30)
at java.base/java.util.ArrayList.forEach(ArrayList.java:1511)
... Removed 27 stack frames]]>
    </failure>
  </testcase> <!-- loginAsTeamLead -->
</testsuite> <!-- Test1 -->
