<?xml version="1.0" encoding="UTF-8"?>
<!-- Generated by org.testng.reporters.JUnitXMLReporter -->
<testsuite ignored="4" hostname="DESKTOP-UQEA1D7" failures="0" tests="4" name="FirstTest" time="6.609" errors="0" timestamp="2021-06-19T19:47:18 EEST">
  <testcase classname="David.Flux.LoginAdminTest" name="LoginAsAnAdmin" time="1.891"/>
  <testcase classname="David.Flux.LogoutAdminTest" name="logoutAsAnAdmin" time="1.215"/>
  <testcase classname="David.Flux.LoginAdminNegativeTest" name="negativeLoginAsAnAdmin" time="1.179"/>
  <testcase classname="David.Flux.LoginTeamLeadTest" name="loginAsTeamLead" time="1.497"/>
  <testcase classname="David.Flux.Browser" name="@BeforeSuite setUp" time="0.0">
    <ignored/>
  </testcase> <!-- @BeforeSuite setUp -->
  <testcase classname="David.Flux.Browser" name="@BeforeSuite setUp" time="0.0">
    <ignored/>
  </testcase> <!-- @BeforeSuite setUp -->
  <testcase classname="David.Flux.Browser" name="@BeforeSuite setUp" time="0.0">
    <ignored/>
  </testcase> <!-- @BeforeSuite setUp -->
  <testcase classname="David.Flux.Browser" name="@BeforeSuite setUp" time="0.0">
    <ignored/>
  </testcase> <!-- @BeforeSuite setUp -->
</testsuite> <!-- FirstTest -->
