<?xml version="1.0" encoding="UTF-8"?>
<testng-results ignored="0" total="1" passed="1" failed="0" skipped="0">
  <reporter-output>
  </reporter-output>
  <suite started-at="2021-07-24T16:55:35 EEST" name="Default suite" finished-at="2021-07-24T16:55:39 EEST" duration-ms="4549">
    <groups>
    </groups>
    <test started-at="2021-07-24T16:55:35 EEST" name="Default test" finished-at="2021-07-24T16:55:39 EEST" duration-ms="4549">
      <class name="David.Flux.CreateNewOkrTest">
        <test-method is-config="true" signature="setUp()[pri:0, instance:David.Flux.CreateNewOkrTest@29626d54]" started-at="2021-07-24T16:55:30 EEST" name="setUp" finished-at="2021-07-24T16:55:35 EEST" duration-ms="5099" status="PASS">
          <reporter-output>
          </reporter-output>
        </test-method> <!-- setUp -->
        <test-method signature="create_The_New_Okr_For_An_Admin_User()[pri:0, instance:David.Flux.CreateNewOkrTest@29626d54]" started-at="2021-07-24T16:55:35 EEST" name="create_The_New_Okr_For_An_Admin_User" finished-at="2021-07-24T16:55:39 EEST" duration-ms="4513" status="PASS">
          <reporter-output>
          </reporter-output>
        </test-method> <!-- create_The_New_Okr_For_An_Admin_User -->
        <test-method is-config="true" signature="tearDown()[pri:0, instance:David.Flux.CreateNewOkrTest@29626d54]" started-at="2021-07-24T16:55:39 EEST" name="tearDown" finished-at="2021-07-24T16:55:40 EEST" duration-ms="729" status="PASS">
          <reporter-output>
          </reporter-output>
        </test-method> <!-- tearDown -->
      </class> <!-- David.Flux.CreateNewOkrTest -->
    </test> <!-- Default test -->
  </suite> <!-- Default suite -->
</testng-results>
