<?xml version="1.0" encoding="UTF-8"?>
<!-- Generated by org.testng.reporters.JUnitXMLReporter -->
<testsuite ignored="20" hostname="DESKTOP-UQEA1D7" failures="0" tests="10" name="FirstTest" time="49.882" errors="0" timestamp="2021-06-28T04:07:59 EEST">
  <testcase classname="David.Flux.LoginFirstEmployeeTest" name="loginAsFirstEmployee" time="3.712"/>
  <testcase classname="David.Flux.LoginSecondEmployeeTest" name="loginAsSecondEmployee" time="3.312"/>
  <testcase classname="David.Flux.LoginAdminTest" name="loginAsAnAdmin" time="4.283"/>
  <testcase classname="David.Flux.AddTaskAsAdminTest" name="addATaskAsAnAdmin" time="4.826"/>
  <testcase classname="David.Flux.CreateTaskAsAdminTest" name="createTaskAsAnAdmin" time="6.986"/>
  <testcase classname="David.Flux.LogoutAdminTest" name="logoutAsAnAdmin" time="5.189"/>
  <testcase classname="David.Flux.LoginAdminNegativeTest" name="negativeLoginAsAnAdmin" time="1.276"/>
  <testcase classname="David.Flux.LoginTeamLeadTest" name="loginAsTeamLead" time="4.244"/>
  <testcase classname="David.Flux.AddNewTeamDepartmentsTest" name="addNewTeamInDepartments" time="7.557"/>
  <testcase classname="David.Flux.DeleteNewTeamDepartmentsTest" name="deleteTheNewTeamInDepartments" time="8.406"/>
  <testcase classname="David.Flux.Browser" name="@AfterSuite tearDown" time="0.0">
    <ignored/>
  </testcase> <!-- @AfterSuite tearDown -->
  <testcase classname="David.Flux.Browser" name="@AfterSuite tearDown" time="0.0">
    <ignored/>
  </testcase> <!-- @AfterSuite tearDown -->
  <testcase classname="David.Flux.Browser" name="@AfterSuite tearDown" time="0.0">
    <ignored/>
  </testcase> <!-- @AfterSuite tearDown -->
  <testcase classname="David.Flux.Browser" name="@AfterSuite tearDown" time="0.0">
    <ignored/>
  </testcase> <!-- @AfterSuite tearDown -->
  <testcase classname="David.Flux.Browser" name="@AfterSuite tearDown" time="0.0">
    <ignored/>
  </testcase> <!-- @AfterSuite tearDown -->
  <testcase classname="David.Flux.Browser" name="@AfterSuite tearDown" time="0.0">
    <ignored/>
  </testcase> <!-- @AfterSuite tearDown -->
  <testcase classname="David.Flux.Browser" name="@AfterSuite tearDown" time="0.0">
    <ignored/>
  </testcase> <!-- @AfterSuite tearDown -->
  <testcase classname="David.Flux.Browser" name="@AfterSuite tearDown" time="0.0">
    <ignored/>
  </testcase> <!-- @AfterSuite tearDown -->
  <testcase classname="David.Flux.Browser" name="@AfterSuite tearDown" time="0.0">
    <ignored/>
  </testcase> <!-- @AfterSuite tearDown -->
  <testcase classname="David.Flux.Browser" name="@AfterSuite tearDown" time="0.0">
    <ignored/>
  </testcase> <!-- @AfterSuite tearDown -->
  <testcase classname="David.Flux.Browser" name="@BeforeSuite setUp" time="0.0">
    <ignored/>
  </testcase> <!-- @BeforeSuite setUp -->
  <testcase classname="David.Flux.Browser" name="@BeforeSuite setUp" time="0.0">
    <ignored/>
  </testcase> <!-- @BeforeSuite setUp -->
  <testcase classname="David.Flux.Browser" name="@BeforeSuite setUp" time="0.0">
    <ignored/>
  </testcase> <!-- @BeforeSuite setUp -->
  <testcase classname="David.Flux.Browser" name="@BeforeSuite setUp" time="0.0">
    <ignored/>
  </testcase> <!-- @BeforeSuite setUp -->
  <testcase classname="David.Flux.Browser" name="@BeforeSuite setUp" time="0.0">
    <ignored/>
  </testcase> <!-- @BeforeSuite setUp -->
  <testcase classname="David.Flux.Browser" name="@BeforeSuite setUp" time="0.0">
    <ignored/>
  </testcase> <!-- @BeforeSuite setUp -->
  <testcase classname="David.Flux.Browser" name="@BeforeSuite setUp" time="0.0">
    <ignored/>
  </testcase> <!-- @BeforeSuite setUp -->
  <testcase classname="David.Flux.Browser" name="@BeforeSuite setUp" time="0.0">
    <ignored/>
  </testcase> <!-- @BeforeSuite setUp -->
  <testcase classname="David.Flux.Browser" name="@BeforeSuite setUp" time="0.0">
    <ignored/>
  </testcase> <!-- @BeforeSuite setUp -->
  <testcase classname="David.Flux.Browser" name="@BeforeSuite setUp" time="0.0">
    <ignored/>
  </testcase> <!-- @BeforeSuite setUp -->
</testsuite> <!-- FirstTest -->
