<?xml version="1.0" encoding="UTF-8"?>
<!-- Generated by org.testng.reporters.JUnitXMLReporter -->
<testsuite ignored="22" hostname="DESKTOP-UQEA1D7" failures="0" tests="11" name="Flux Day" time="37.122" errors="0" timestamp="2021-07-11T16:41:46 EEST">
  <testcase classname="David.Flux.LoginFirstEmployeeTest" name="loginAsFirstEmployee" time="2.404"/>
  <testcase classname="David.Flux.LoginSecondEmployeeTest" name="loginAsSecondEmployee" time="2.144"/>
  <testcase classname="David.Flux.LoginAdminTest" name="loginAsAnAdmin" time="2.419"/>
  <testcase classname="David.Flux.AddTaskAsAdminTest" name="addATaskAsAnAdmin" time="3.987"/>
  <testcase classname="David.Flux.CreateTaskAsAdminTest" name="createTaskAsAnAdmin" time="4.498"/>
  <testcase classname="David.Flux.LogoutAdminTest" name="logoutAsAnAdmin" time="2.412"/>
  <testcase classname="David.Flux.LoginAdminNegativeTest" name="unsuccessfulLoginAsAnAdmin" time="0.73"/>
  <testcase classname="David.Flux.LoginTeamLeadTest" name="loginAsTeamLead" time="3.115"/>
  <testcase classname="David.Flux.AddNewTeamDepartmentsTest" name="addNewTeamInDepartments" time="4.609"/>
  <testcase classname="David.Flux.DeleteNewTeamDepartmentsTest" name="deleteTheNewTeamInDepartments" time="5.12"/>
  <testcase classname="David.Flux.CreateNewOkrTest" name="createTheNewOkrForAnAdminUser" time="5.627"/>
  <testcase classname="David.Flux.Browser" name="@AfterSuite tearDown" time="0.0">
    <ignored/>
  </testcase> <!-- @AfterSuite tearDown -->
  <testcase classname="David.Flux.Browser" name="@AfterSuite tearDown" time="0.0">
    <ignored/>
  </testcase> <!-- @AfterSuite tearDown -->
  <testcase classname="David.Flux.Browser" name="@AfterSuite tearDown" time="0.0">
    <ignored/>
  </testcase> <!-- @AfterSuite tearDown -->
  <testcase classname="David.Flux.Browser" name="@AfterSuite tearDown" time="0.0">
    <ignored/>
  </testcase> <!-- @AfterSuite tearDown -->
  <testcase classname="David.Flux.Browser" name="@AfterSuite tearDown" time="0.0">
    <ignored/>
  </testcase> <!-- @AfterSuite tearDown -->
  <testcase classname="David.Flux.Browser" name="@AfterSuite tearDown" time="0.0">
    <ignored/>
  </testcase> <!-- @AfterSuite tearDown -->
  <testcase classname="David.Flux.Browser" name="@AfterSuite tearDown" time="0.0">
    <ignored/>
  </testcase> <!-- @AfterSuite tearDown -->
  <testcase classname="David.Flux.Browser" name="@AfterSuite tearDown" time="0.0">
    <ignored/>
  </testcase> <!-- @AfterSuite tearDown -->
  <testcase classname="David.Flux.Browser" name="@AfterSuite tearDown" time="0.0">
    <ignored/>
  </testcase> <!-- @AfterSuite tearDown -->
  <testcase classname="David.Flux.Browser" name="@AfterSuite tearDown" time="0.0">
    <ignored/>
  </testcase> <!-- @AfterSuite tearDown -->
  <testcase classname="David.Flux.Browser" name="@AfterSuite tearDown" time="0.0">
    <ignored/>
  </testcase> <!-- @AfterSuite tearDown -->
  <testcase classname="David.Flux.Browser" name="@BeforeSuite setUp" time="0.0">
    <ignored/>
  </testcase> <!-- @BeforeSuite setUp -->
  <testcase classname="David.Flux.Browser" name="@BeforeSuite setUp" time="0.0">
    <ignored/>
  </testcase> <!-- @BeforeSuite setUp -->
  <testcase classname="David.Flux.Browser" name="@BeforeSuite setUp" time="0.0">
    <ignored/>
  </testcase> <!-- @BeforeSuite setUp -->
  <testcase classname="David.Flux.Browser" name="@BeforeSuite setUp" time="0.0">
    <ignored/>
  </testcase> <!-- @BeforeSuite setUp -->
  <testcase classname="David.Flux.Browser" name="@BeforeSuite setUp" time="0.0">
    <ignored/>
  </testcase> <!-- @BeforeSuite setUp -->
  <testcase classname="David.Flux.Browser" name="@BeforeSuite setUp" time="0.0">
    <ignored/>
  </testcase> <!-- @BeforeSuite setUp -->
  <testcase classname="David.Flux.Browser" name="@BeforeSuite setUp" time="0.0">
    <ignored/>
  </testcase> <!-- @BeforeSuite setUp -->
  <testcase classname="David.Flux.Browser" name="@BeforeSuite setUp" time="0.0">
    <ignored/>
  </testcase> <!-- @BeforeSuite setUp -->
  <testcase classname="David.Flux.Browser" name="@BeforeSuite setUp" time="0.0">
    <ignored/>
  </testcase> <!-- @BeforeSuite setUp -->
  <testcase classname="David.Flux.Browser" name="@BeforeSuite setUp" time="0.0">
    <ignored/>
  </testcase> <!-- @BeforeSuite setUp -->
  <testcase classname="David.Flux.Browser" name="@BeforeSuite setUp" time="0.0">
    <ignored/>
  </testcase> <!-- @BeforeSuite setUp -->
</testsuite> <!-- Flux Day -->
